<?xml version="1.0" ?>
<coverage version="7.13.1" timestamp="1768347031821" lines-valid="1" lines-covered="0" line-rate="0" branches-covered="0" branches-valid="0" branch-rate="0" complexity="0">
	<!-- Generated by coverage.py: https://coverage.readthedocs.io/en/7.13.1 -->
	<!-- Based on https://raw.githubusercontent.com/cobertura/web/master/htdocs/xml/coverage-04.dtd -->
	<sources>
		<source>/workspaces/sa/src</source>
	</sources>
	<packages>
		<package name="sa" line-rate="0" branch-rate="0" complexity="0">
			<classes>
				<class name="__init__.py" filename="sa/__init__.py" complexity="0" line-rate="0" branch-rate="0">
					<methods/>
					<lines>
						<line number="3" hits="0"/>
					</lines>
				</class>
			</classes>
		</package>
	</packages>
</coverage>
